<?xml version="1.0" encoding="utf-8"?>
<CoverageSession xmlns:xsd="http://www.w3.org/2001/XMLSchema" xmlns:xsi="http://www.w3.org/2001/XMLSchema-instance" Version="4.7.922.0">
  <Summary numSequencePoints="113" visitedSequencePoints="97" numBranchPoints="35" visitedBranchPoints="30" sequenceCoverage="85.84" branchCoverage="85.71" maxCyclomaticComplexity="3" minCyclomaticComplexity="1" maxCrapScore="3" minCrapScore="1" visitedClasses="7" numClasses="8" visitedMethods="18" numMethods="21" />
  <Modules>
    <Module hash="6C-4F-82-5F-EE-B3-9A-9D-C4-B1-2E-75-29-5F-B7-B6-97-DE-F1-DB">
      <Summary numSequencePoints="20" visitedSequencePoints="20" numBranchPoints="4" visitedBranchPoints="4" sequenceCoverage="100" branchCoverage="100" maxCyclomaticComplexity="1" minCyclomaticComplexity="1" maxCrapScore="2" minCrapScore="1" visitedClasses="3" numClasses="3" visitedMethods="4" numMethods="4" />
      <ModulePath>C:\Users\pedro\Downloads\NumerosRomanos.ConsoleApp\NumerosRomanos.ConsoleApp\NumerosRomanosTest\bin\Debug\fine-code-coverage\build-output\NumerosRomanosTest.dll</ModulePath>
      <ModuleTime>2021-06-11T19:51:44.6860246Z</ModuleTime>
      <ModuleName>NumerosRomanosTest</ModuleName>
      <Files>
        <File uid="1" fullPath="C:\Users\pedro\Downloads\NumerosRomanos.ConsoleApp\NumerosRomanos.ConsoleApp\NumerosRomanosTest\TestesRomanoParaArabico.cs" />
        <File uid="2" fullPath="C:\Users\pedro\Downloads\NumerosRomanos.ConsoleApp\NumerosRomanos.ConsoleApp\NumerosRomanosTest\TestesArabicoParaRomano.cs" />
        <File uid="3" fullPath="C:\Users\pedro\Downloads\NumerosRomanos.ConsoleApp\NumerosRomanos.ConsoleApp\NumerosRomanosTest\TestesInvalidos.cs" />
      </Files>
      <Classes>
        <Class>
          <Summary numSequencePoints="6" visitedSequencePoints="6" numBranchPoints="1" visitedBranchPoints="1" sequenceCoverage="100" branchCoverage="100" maxCyclomaticComplexity="1" minCyclomaticComplexity="1" maxCrapScore="2" minCrapScore="1" visitedClasses="1" numClasses="1" visitedMethods="1" numMethods="1" />
          <FullName>NumerosRomanosTest.TestesRomanoParaArabico</FullName>
          <Methods>
            <Method visited="true" cyclomaticComplexity="1" nPathComplexity="0" sequenceCoverage="100" branchCoverage="100" crapScore="1" isConstructor="false" isStatic="false" isGetter="false" isSetter="false">
              <Summary numSequencePoints="6" visitedSequencePoints="6" numBranchPoints="1" visitedBranchPoints="1" sequenceCoverage="100" branchCoverage="100" maxCyclomaticComplexity="1" minCyclomaticComplexity="1" maxCrapScore="1" minCrapScore="1" visitedClasses="0" numClasses="0" visitedMethods="1" numMethods="1" />
              <MetadataToken>100663297</MetadataToken>
              <Name>System.Void NumerosRomanosTest.TestesRomanoParaArabico::RomanoParaArabico(System.String,System.Int32)</Name>
              <FileRef uid="1" />
              <SequencePoints>
                <SequencePoint vc="15" uspid="1" ordinal="0" offset="0" sl="27" sc="9" el="27" ec="10" bec="0" bev="0" fileid="1" />
                <SequencePoint vc="15" uspid="2" ordinal="1" offset="1" sl="28" sc="13" el="28" ec="85" bec="0" bev="0" fileid="1" />
                <SequencePoint vc="15" uspid="3" ordinal="2" offset="7" sl="29" sc="13" el="29" ec="54" bec="0" bev="0" fileid="1" />
                <SequencePoint vc="15" uspid="4" ordinal="3" offset="14" sl="30" sc="13" el="30" ec="41" bec="0" bev="0" fileid="1" />
                <SequencePoint vc="15" uspid="5" ordinal="4" offset="22" sl="31" sc="13" el="31" ec="62" bec="0" bev="0" fileid="1" />
                <SequencePoint vc="15" uspid="6" ordinal="5" offset="35" sl="32" sc="9" el="32" ec="10" bec="0" bev="0" fileid="1" />
              </SequencePoints>
              <BranchPoints />
              <MethodPoint xsi:type="SequencePoint" vc="15" uspid="1" ordinal="0" offset="0" sl="27" sc="9" el="27" ec="10" bec="0" bev="0" fileid="1" />
            </Method>
            <Method visited="false" cyclomaticComplexity="1" nPathComplexity="0" sequenceCoverage="0" branchCoverage="0" crapScore="2" isConstructor="true" isStatic="false" isGetter="false" isSetter="false">
              <Summary numSequencePoints="0" visitedSequencePoints="0" numBranchPoints="0" visitedBranchPoints="0" sequenceCoverage="0" branchCoverage="0" maxCyclomaticComplexity="1" minCyclomaticComplexity="1" maxCrapScore="2" minCrapScore="2" visitedClasses="0" numClasses="0" visitedMethods="0" numMethods="0" />
              <MetadataToken>100663298</MetadataToken>
              <Name>System.Void NumerosRomanosTest.TestesRomanoParaArabico::.ctor()</Name>
              <SequencePoints />
              <BranchPoints />
              <MethodPoint vc="0" uspid="7" ordinal="0" offset="0" />
            </Method>
          </Methods>
        </Class>
        <Class>
          <Summary numSequencePoints="6" visitedSequencePoints="6" numBranchPoints="1" visitedBranchPoints="1" sequenceCoverage="100" branchCoverage="100" maxCyclomaticComplexity="1" minCyclomaticComplexity="1" maxCrapScore="2" minCrapScore="1" visitedClasses="1" numClasses="1" visitedMethods="1" numMethods="1" />
          <FullName>NumerosRomanosTest.TestesArabicoParaRomano</FullName>
          <Methods>
            <Method visited="true" cyclomaticComplexity="1" nPathComplexity="0" sequenceCoverage="100" branchCoverage="100" crapScore="1" isConstructor="false" isStatic="false" isGetter="false" isSetter="false">
              <Summary numSequencePoints="6" visitedSequencePoints="6" numBranchPoints="1" visitedBranchPoints="1" sequenceCoverage="100" branchCoverage="100" maxCyclomaticComplexity="1" minCyclomaticComplexity="1" maxCrapScore="1" minCrapScore="1" visitedClasses="0" numClasses="0" visitedMethods="1" numMethods="1" />
              <MetadataToken>100663299</MetadataToken>
              <Name>System.Void NumerosRomanosTest.TestesArabicoParaRomano::ArabicoParaRomano(System.Int32,System.String)</Name>
              <FileRef uid="2" />
              <SequencePoints>
                <SequencePoint vc="14" uspid="8" ordinal="0" offset="0" sl="26" sc="9" el="26" ec="10" bec="0" bev="0" fileid="2" />
                <SequencePoint vc="14" uspid="9" ordinal="1" offset="1" sl="27" sc="13" el="27" ec="85" bec="0" bev="0" fileid="2" />
                <SequencePoint vc="14" uspid="10" ordinal="2" offset="7" sl="28" sc="13" el="28" ec="61" bec="0" bev="0" fileid="2" />
                <SequencePoint vc="14" uspid="11" ordinal="3" offset="14" sl="29" sc="13" el="29" ec="43" bec="0" bev="0" fileid="2" />
                <SequencePoint vc="14" uspid="12" ordinal="4" offset="22" sl="30" sc="13" el="30" ec="63" bec="0" bev="0" fileid="2" />
                <SequencePoint vc="14" uspid="13" ordinal="5" offset="35" sl="31" sc="9" el="31" ec="10" bec="0" bev="0" fileid="2" />
              </SequencePoints>
              <BranchPoints />
              <MethodPoint xsi:type="SequencePoint" vc="14" uspid="8" ordinal="0" offset="0" sl="26" sc="9" el="26" ec="10" bec="0" bev="0" fileid="2" />
            </Method>
            <Method visited="false" cyclomaticComplexity="1" nPathComplexity="0" sequenceCoverage="0" branchCoverage="0" crapScore="2" isConstructor="true" isStatic="false" isGetter="false" isSetter="false">
              <Summary numSequencePoints="0" visitedSequencePoints="0" numBranchPoints="0" visitedBranchPoints="0" sequenceCoverage="0" branchCoverage="0" maxCyclomaticComplexity="1" minCyclomaticComplexity="1" maxCrapScore="2" minCrapScore="2" visitedClasses="0" numClasses="0" visitedMethods="0" numMethods="0" />
              <MetadataToken>100663300</MetadataToken>
              <Name>System.Void NumerosRomanosTest.TestesArabicoParaRomano::.ctor()</Name>
              <SequencePoints />
              <BranchPoints />
              <MethodPoint vc="0" uspid="14" ordinal="0" offset="0" />
            </Method>
          </Methods>
        </Class>
        <Class>
          <Summary numSequencePoints="8" visitedSequencePoints="8" numBranchPoints="2" visitedBranchPoints="2" sequenceCoverage="100" branchCoverage="100" maxCyclomaticComplexity="1" minCyclomaticComplexity="1" maxCrapScore="2" minCrapScore="1" visitedClasses="1" numClasses="1" visitedMethods="2" numMethods="2" />
          <FullName>NumerosRomanosTest.TestesInvalidos</FullName>
          <Methods>
            <Method visited="true" cyclomaticComplexity="1" nPathComplexity="0" sequenceCoverage="100" branchCoverage="100" crapScore="1" isConstructor="false" isStatic="false" isGetter="false" isSetter="false">
              <Summary numSequencePoints="4" visitedSequencePoints="4" numBranchPoints="1" visitedBranchPoints="1" sequenceCoverage="100" branchCoverage="100" maxCyclomaticComplexity="1" minCyclomaticComplexity="1" maxCrapScore="1" minCrapScore="1" visitedClasses="0" numClasses="0" visitedMethods="1" numMethods="1" />
              <MetadataToken>100663301</MetadataToken>
              <Name>System.Void NumerosRomanosTest.TestesInvalidos::TesteInvalidoRomanoParaArabico(System.String,System.String)</Name>
              <FileRef uid="3" />
              <SequencePoints>
                <SequencePoint vc="1" uspid="15" ordinal="0" offset="0" sl="12" sc="9" el="12" ec="10" bec="0" bev="0" fileid="3" />
                <SequencePoint vc="1" uspid="16" ordinal="1" offset="1" sl="13" sc="13" el="13" ec="85" bec="0" bev="0" fileid="3" />
                <SequencePoint vc="1" uspid="17" ordinal="2" offset="7" sl="14" sc="13" el="14" ec="76" bec="0" bev="0" fileid="3" />
                <SequencePoint vc="1" uspid="18" ordinal="3" offset="21" sl="15" sc="9" el="15" ec="10" bec="0" bev="0" fileid="3" />
              </SequencePoints>
              <BranchPoints />
              <MethodPoint xsi:type="SequencePoint" vc="1" uspid="15" ordinal="0" offset="0" sl="12" sc="9" el="12" ec="10" bec="0" bev="0" fileid="3" />
            </Method>
            <Method visited="true" cyclomaticComplexity="1" nPathComplexity="0" sequenceCoverage="100" branchCoverage="100" crapScore="1" isConstructor="false" isStatic="false" isGetter="false" isSetter="false">
              <Summary numSequencePoints="4" visitedSequencePoints="4" numBranchPoints="1" visitedBranchPoints="1" sequenceCoverage="100" branchCoverage="100" maxCyclomaticComplexity="1" minCyclomaticComplexity="1" maxCrapScore="1" minCrapScore="1" visitedClasses="0" numClasses="0" visitedMethods="1" numMethods="1" />
              <MetadataToken>100663302</MetadataToken>
              <Name>System.Void NumerosRomanosTest.TestesInvalidos::TesteInvalidoArabicoParaRomano(System.Int32,System.String)</Name>
              <FileRef uid="3" />
              <SequencePoints>
                <SequencePoint vc="1" uspid="19" ordinal="0" offset="0" sl="20" sc="9" el="20" ec="10" bec="0" bev="0" fileid="3" />
                <SequencePoint vc="1" uspid="20" ordinal="1" offset="1" sl="21" sc="13" el="21" ec="85" bec="0" bev="0" fileid="3" />
                <SequencePoint vc="1" uspid="21" ordinal="2" offset="7" sl="22" sc="13" el="22" ec="77" bec="0" bev="0" fileid="3" />
                <SequencePoint vc="1" uspid="22" ordinal="3" offset="21" sl="23" sc="9" el="23" ec="10" bec="0" bev="0" fileid="3" />
              </SequencePoints>
              <BranchPoints />
              <MethodPoint xsi:type="SequencePoint" vc="1" uspid="19" ordinal="0" offset="0" sl="20" sc="9" el="20" ec="10" bec="0" bev="0" fileid="3" />
            </Method>
            <Method visited="false" cyclomaticComplexity="1" nPathComplexity="0" sequenceCoverage="0" branchCoverage="0" crapScore="2" isConstructor="true" isStatic="false" isGetter="false" isSetter="false">
              <Summary numSequencePoints="0" visitedSequencePoints="0" numBranchPoints="0" visitedBranchPoints="0" sequenceCoverage="0" branchCoverage="0" maxCyclomaticComplexity="1" minCyclomaticComplexity="1" maxCrapScore="2" minCrapScore="2" visitedClasses="0" numClasses="0" visitedMethods="0" numMethods="0" />
              <MetadataToken>100663303</MetadataToken>
              <Name>System.Void NumerosRomanosTest.TestesInvalidos::.ctor()</Name>
              <SequencePoints />
              <BranchPoints />
              <MethodPoint vc="0" uspid="23" ordinal="0" offset="0" />
            </Method>
          </Methods>
        </Class>
      </Classes>
    </Module>
    <Module hash="B8-72-00-67-6E-31-17-DB-F1-4A-EC-82-E1-23-29-1A-2D-70-78-9B">
      <Summary numSequencePoints="93" visitedSequencePoints="77" numBranchPoints="31" visitedBranchPoints="26" sequenceCoverage="82.80" branchCoverage="83.87" maxCyclomaticComplexity="3" minCyclomaticComplexity="1" maxCrapScore="3" minCrapScore="1" visitedClasses="4" numClasses="5" visitedMethods="14" numMethods="17" />
      <ModulePath>C:\Users\pedro\Downloads\NumerosRomanos.ConsoleApp\NumerosRomanos.ConsoleApp\NumerosRomanosTest\bin\Debug\fine-code-coverage\build-output\NumerosRomanos.exe</ModulePath>
      <ModuleTime>2021-06-11T19:51:43.165683Z</ModuleTime>
      <ModuleName>NumerosRomanos</ModuleName>
      <Files>
        <File uid="7" fullPath="C:\Users\pedro\Downloads\NumerosRomanos.ConsoleApp\NumerosRomanos.ConsoleApp\NumerosRomanos\Arabicos.cs" />
        <File uid="8" fullPath="C:\Users\pedro\Downloads\NumerosRomanos.ConsoleApp\NumerosRomanos.ConsoleApp\NumerosRomanos\ConversorArabicoParaRomano.cs" />
        <File uid="9" fullPath="C:\Users\pedro\Downloads\NumerosRomanos.ConsoleApp\NumerosRomanos.ConsoleApp\NumerosRomanos\ConversorRomanoParaArabico.cs" />
        <File uid="10" fullPath="C:\Users\pedro\Downloads\NumerosRomanos.ConsoleApp\NumerosRomanos.ConsoleApp\NumerosRomanos\Program.cs" />
        <File uid="11" fullPath="C:\Users\pedro\Downloads\NumerosRomanos.ConsoleApp\NumerosRomanos.ConsoleApp\NumerosRomanos\Romano.cs" />
      </Files>
      <Classes>
        <Class>
          <Summary numSequencePoints="4" visitedSequencePoints="4" numBranchPoints="1" visitedBranchPoints="1" sequenceCoverage="100" branchCoverage="100" maxCyclomaticComplexity="1" minCyclomaticComplexity="1" maxCrapScore="1" minCrapScore="1" visitedClasses="1" numClasses="1" visitedMethods="1" numMethods="1" />
          <FullName>NumerosRomanos.Arabicos</FullName>
          <Methods>
            <Method visited="true" cyclomaticComplexity="1" nPathComplexity="0" sequenceCoverage="100" branchCoverage="100" crapScore="1" isConstructor="true" isStatic="false" isGetter="false" isSetter="false">
              <Summary numSequencePoints="4" visitedSequencePoints="4" numBranchPoints="1" visitedBranchPoints="1" sequenceCoverage="100" branchCoverage="100" maxCyclomaticComplexity="1" minCyclomaticComplexity="1" maxCrapScore="1" minCrapScore="1" visitedClasses="0" numClasses="0" visitedMethods="1" numMethods="1" />
              <MetadataToken>100663297</MetadataToken>
              <Name>System.Void NumerosRomanos.Arabicos::.ctor(System.Int32)</Name>
              <FileRef uid="7" />
              <SequencePoints>
                <SequencePoint vc="14" uspid="24" ordinal="0" offset="0" sl="9" sc="9" el="9" ec="31" bec="0" bev="0" fileid="7" />
                <SequencePoint vc="14" uspid="25" ordinal="1" offset="7" sl="10" sc="9" el="10" ec="10" bec="0" bev="0" fileid="7" />
                <SequencePoint vc="14" uspid="26" ordinal="2" offset="8" sl="11" sc="13" el="11" ec="24" bec="0" bev="0" fileid="7" />
                <SequencePoint vc="14" uspid="27" ordinal="3" offset="15" sl="12" sc="9" el="12" ec="10" bec="0" bev="0" fileid="7" />
              </SequencePoints>
              <BranchPoints />
              <MethodPoint xsi:type="SequencePoint" vc="14" uspid="24" ordinal="0" offset="0" sl="9" sc="9" el="9" ec="31" bec="0" bev="0" fileid="7" />
            </Method>
          </Methods>
        </Class>
        <Class>
          <Summary numSequencePoints="32" visitedSequencePoints="25" numBranchPoints="12" visitedBranchPoints="10" sequenceCoverage="78.12" branchCoverage="83.33" maxCyclomaticComplexity="3" minCyclomaticComplexity="1" maxCrapScore="3" minCrapScore="1" visitedClasses="1" numClasses="1" visitedMethods="5" numMethods="6" />
          <FullName>NumerosRomanos.ConversorArabicoParaRomano</FullName>
          <Methods>
            <Method visited="true" cyclomaticComplexity="2" nPathComplexity="2" sequenceCoverage="80" branchCoverage="66.67" crapScore="2.03" isConstructor="false" isStatic="false" isGetter="false" isSetter="false">
              <Summary numSequencePoints="5" visitedSequencePoints="4" numBranchPoints="3" visitedBranchPoints="2" sequenceCoverage="80" branchCoverage="66.67" maxCyclomaticComplexity="2" minCyclomaticComplexity="2" maxCrapScore="2.03" minCrapScore="2.03" visitedClasses="0" numClasses="0" visitedMethods="1" numMethods="1" />
              <MetadataToken>100663298</MetadataToken>
              <Name>System.Void NumerosRomanos.ConversorArabicoParaRomano::converter(NumerosRomanos.Arabicos)</Name>
              <FileRef uid="8" />
              <SequencePoints>
                <SequencePoint vc="14" uspid="28" ordinal="0" offset="0" sl="12" sc="9" el="12" ec="10" bec="0" bev="0" fileid="8" />
                <SequencePoint vc="14" uspid="29" ordinal="1" offset="1" sl="13" sc="13" el="13" ec="54" bec="2" bev="1" fileid="8" />
                <SequencePoint vc="0" uspid="30" ordinal="2" offset="27" sl="14" sc="17" el="14" ec="66" bec="0" bev="0" fileid="8" />
                <SequencePoint vc="14" uspid="31" ordinal="3" offset="48" sl="17" sc="17" el="17" ec="68" bec="0" bev="0" fileid="8" />
                <SequencePoint vc="14" uspid="32" ordinal="4" offset="66" sl="18" sc="9" el="18" ec="10" bec="0" bev="0" fileid="8" />
              </SequencePoints>
              <BranchPoints>
                <BranchPoint vc="0" uspid="33" ordinal="0" offset="25" sl="13" path="0" offsetend="27" fileid="8" />
                <BranchPoint vc="14" uspid="34" ordinal="1" offset="25" sl="13" path="1" offsetend="48" fileid="8" />
              </BranchPoints>
              <MethodPoint xsi:type="SequencePoint" vc="14" uspid="28" ordinal="0" offset="0" sl="12" sc="9" el="12" ec="10" bec="0" bev="0" fileid="8" />
            </Method>
            <Method visited="true" cyclomaticComplexity="2" nPathComplexity="2" sequenceCoverage="100" branchCoverage="100" crapScore="2" isConstructor="false" isStatic="false" isGetter="false" isSetter="false">
              <Summary numSequencePoints="5" visitedSequencePoints="5" numBranchPoints="3" visitedBranchPoints="3" sequenceCoverage="100" branchCoverage="100" maxCyclomaticComplexity="2" minCyclomaticComplexity="2" maxCrapScore="2" minCrapScore="2" visitedClasses="0" numClasses="0" visitedMethods="1" numMethods="1" />
              <MetadataToken>100663299</MetadataToken>
              <Name>System.String NumerosRomanos.ConversorArabicoParaRomano::Validar(System.Int32)</Name>
              <FileRef uid="8" />
              <SequencePoints>
                <SequencePoint vc="15" uspid="35" ordinal="0" offset="0" sl="20" sc="9" el="20" ec="10" bec="0" bev="0" fileid="8" />
                <SequencePoint vc="15" uspid="36" ordinal="1" offset="1" sl="21" sc="13" el="21" ec="28" bec="2" bev="2" fileid="8" />
                <SequencePoint vc="1" uspid="37" ordinal="2" offset="9" sl="22" sc="17" el="22" ec="42" bec="0" bev="0" fileid="8" />
                <SequencePoint vc="14" uspid="38" ordinal="3" offset="17" sl="25" sc="17" el="25" ec="33" bec="0" bev="0" fileid="8" />
                <SequencePoint vc="15" uspid="39" ordinal="4" offset="25" sl="26" sc="9" el="26" ec="10" bec="0" bev="0" fileid="8" />
              </SequencePoints>
              <BranchPoints>
                <BranchPoint vc="1" uspid="40" ordinal="0" offset="7" sl="21" path="0" offsetend="9" fileid="8" />
                <BranchPoint vc="14" uspid="41" ordinal="1" offset="7" sl="21" path="1" offsetend="17" fileid="8" />
              </BranchPoints>
              <MethodPoint xsi:type="SequencePoint" vc="15" uspid="35" ordinal="0" offset="0" sl="20" sc="9" el="20" ec="10" bec="0" bev="0" fileid="8" />
            </Method>
            <Method visited="true" cyclomaticComplexity="3" nPathComplexity="2" sequenceCoverage="100" branchCoverage="100" crapScore="3" isConstructor="false" isStatic="false" isGetter="false" isSetter="false">
              <Summary numSequencePoints="11" visitedSequencePoints="11" numBranchPoints="3" visitedBranchPoints="3" sequenceCoverage="100" branchCoverage="100" maxCyclomaticComplexity="3" minCyclomaticComplexity="3" maxCrapScore="3" minCrapScore="3" visitedClasses="0" numClasses="0" visitedMethods="1" numMethods="1" />
              <MetadataToken>100663300</MetadataToken>
              <Name>System.String NumerosRomanos.ConversorArabicoParaRomano::GetResultado(System.Int32)</Name>
              <FileRef uid="8" />
              <SequencePoints>
                <SequencePoint vc="47" uspid="42" ordinal="0" offset="0" sl="30" sc="9" el="30" ec="10" bec="0" bev="0" fileid="8" />
                <SequencePoint vc="47" uspid="43" ordinal="1" offset="1" sl="31" sc="13" el="31" ec="20" bec="0" bev="0" fileid="8" />
                <SequencePoint vc="47" uspid="44" ordinal="2" offset="2" sl="31" sc="31" el="31" ec="62" bec="0" bev="0" fileid="8" />
                <SequencePoint vc="610" uspid="45" ordinal="3" offset="21" sl="31" sc="22" el="31" ec="27" bec="0" bev="0" fileid="8" />
                <SequencePoint vc="610" uspid="46" ordinal="4" offset="29" sl="32" sc="13" el="32" ec="14" bec="0" bev="0" fileid="8" />
                <SequencePoint vc="610" uspid="47" ordinal="5" offset="30" sl="33" sc="17" el="33" ec="33" bec="2" bev="2" fileid="8" />
                <SequencePoint vc="33" uspid="48" ordinal="6" offset="41" sl="33" sc="34" el="33" ec="98" bec="0" bev="0" fileid="8" />
                <SequencePoint vc="577" uspid="49" ordinal="7" offset="70" sl="34" sc="13" el="34" ec="14" bec="0" bev="0" fileid="8" />
                <SequencePoint vc="624" uspid="50" ordinal="8" offset="71" sl="31" sc="28" el="31" ec="30" bec="0" bev="0" fileid="8" />
                <SequencePoint vc="14" uspid="51" ordinal="9" offset="97" sl="35" sc="13" el="35" ec="23" bec="0" bev="0" fileid="8" />
                <SequencePoint vc="47" uspid="52" ordinal="10" offset="105" sl="36" sc="9" el="36" ec="10" bec="0" bev="0" fileid="8" />
              </SequencePoints>
              <BranchPoints>
                <BranchPoint vc="33" uspid="53" ordinal="0" offset="39" sl="33" path="0" offsetend="41" fileid="8" />
                <BranchPoint vc="577" uspid="54" ordinal="1" offset="39" sl="33" path="1" offsetend="70" fileid="8" />
              </BranchPoints>
              <MethodPoint xsi:type="SequencePoint" vc="47" uspid="42" ordinal="0" offset="0" sl="30" sc="9" el="30" ec="10" bec="0" bev="0" fileid="8" />
            </Method>
            <Method visited="false" cyclomaticComplexity="1" nPathComplexity="0" sequenceCoverage="0" branchCoverage="0" crapScore="2" isConstructor="false" isStatic="false" isGetter="false" isSetter="false">
              <Summary numSequencePoints="6" visitedSequencePoints="0" numBranchPoints="1" visitedBranchPoints="0" sequenceCoverage="0" branchCoverage="0" maxCyclomaticComplexity="1" minCyclomaticComplexity="1" maxCrapScore="2" minCrapScore="2" visitedClasses="0" numClasses="0" visitedMethods="0" numMethods="1" />
              <MetadataToken>100663301</MetadataToken>
              <Name>System.Void NumerosRomanos.ConversorArabicoParaRomano::ApresentarMensagemErro(System.String)</Name>
              <FileRef uid="8" />
              <SequencePoints>
                <SequencePoint vc="0" uspid="57" ordinal="0" offset="0" sl="39" sc="9" el="39" ec="10" bec="0" bev="0" fileid="8" />
                <SequencePoint vc="0" uspid="58" ordinal="1" offset="1" sl="40" sc="13" el="40" ec="56" bec="0" bev="0" fileid="8" />
                <SequencePoint vc="0" uspid="59" ordinal="2" offset="9" sl="41" sc="13" el="41" ec="34" bec="0" bev="0" fileid="8" />
                <SequencePoint vc="0" uspid="60" ordinal="3" offset="16" sl="42" sc="13" el="42" ec="34" bec="0" bev="0" fileid="8" />
                <SequencePoint vc="0" uspid="61" ordinal="4" offset="22" sl="43" sc="13" el="43" ec="32" bec="0" bev="0" fileid="8" />
                <SequencePoint vc="0" uspid="62" ordinal="5" offset="28" sl="44" sc="9" el="44" ec="10" bec="0" bev="0" fileid="8" />
              </SequencePoints>
              <BranchPoints />
              <MethodPoint xsi:type="SequencePoint" vc="0" uspid="57" ordinal="0" offset="0" sl="39" sc="9" el="39" ec="10" bec="0" bev="0" fileid="8" />
            </Method>
            <Method visited="true" cyclomaticComplexity="1" nPathComplexity="0" sequenceCoverage="100" branchCoverage="100" crapScore="1" isConstructor="false" isStatic="true" isGetter="false" isSetter="false">
              <Summary numSequencePoints="4" visitedSequencePoints="4" numBranchPoints="1" visitedBranchPoints="1" sequenceCoverage="100" branchCoverage="100" maxCyclomaticComplexity="1" minCyclomaticComplexity="1" maxCrapScore="1" minCrapScore="1" visitedClasses="0" numClasses="0" visitedMethods="1" numMethods="1" />
              <MetadataToken>100663302</MetadataToken>
              <Name>System.Collections.Generic.Dictionary`2&lt;System.Int32,System.String&gt; NumerosRomanos.ConversorArabicoParaRomano::GerarDicionario()</Name>
              <FileRef uid="8" />
              <SequencePoints>
                <SequencePoint vc="15" uspid="63" ordinal="0" offset="0" sl="47" sc="9" el="47" ec="10" bec="0" bev="0" fileid="8" />
                <SequencePoint vc="15" uspid="64" ordinal="1" offset="1" sl="48" sc="13" el="54" ec="15" bec="0" bev="0" fileid="8" />
                <SequencePoint vc="15" uspid="65" ordinal="2" offset="317" sl="55" sc="13" el="55" ec="47" bec="0" bev="0" fileid="8" />
                <SequencePoint vc="15" uspid="66" ordinal="3" offset="321" sl="56" sc="9" el="56" ec="10" bec="0" bev="0" fileid="8" />
              </SequencePoints>
              <BranchPoints />
              <MethodPoint xsi:type="SequencePoint" vc="15" uspid="63" ordinal="0" offset="0" sl="47" sc="9" el="47" ec="10" bec="0" bev="0" fileid="8" />
            </Method>
            <Method visited="true" cyclomaticComplexity="1" nPathComplexity="0" sequenceCoverage="100" branchCoverage="100" crapScore="1" isConstructor="true" isStatic="false" isGetter="false" isSetter="false">
              <Summary numSequencePoints="1" visitedSequencePoints="1" numBranchPoints="1" visitedBranchPoints="1" sequenceCoverage="100" branchCoverage="100" maxCyclomaticComplexity="1" minCyclomaticComplexity="1" maxCrapScore="1" minCrapScore="1" visitedClasses="0" numClasses="0" visitedMethods="1" numMethods="1" />
              <MetadataToken>100663303</MetadataToken>
              <Name>System.Void NumerosRomanos.ConversorArabicoParaRomano::.ctor()</Name>
              <FileRef uid="8" />
              <SequencePoints>
                <SequencePoint vc="15" uspid="67" ordinal="0" offset="0" sl="8" sc="9" el="9" ec="68" bec="0" bev="0" fileid="8" />
              </SequencePoints>
              <BranchPoints />
              <MethodPoint xsi:type="SequencePoint" vc="15" uspid="67" ordinal="0" offset="0" sl="8" sc="9" el="9" ec="68" bec="0" bev="0" fileid="8" />
            </Method>
          </Methods>
        </Class>
        <Class>
          <Summary numSequencePoints="51" visitedSequencePoints="44" numBranchPoints="16" visitedBranchPoints="14" sequenceCoverage="86.27" branchCoverage="87.5" maxCyclomaticComplexity="3" minCyclomaticComplexity="1" maxCrapScore="3" minCrapScore="1" visitedClasses="1" numClasses="1" visitedMethods="7" numMethods="8" />
          <FullName>NumerosRomanos.ConversorRomanoParaArabico</FullName>
          <Methods>
            <Method visited="true" cyclomaticComplexity="2" nPathComplexity="2" sequenceCoverage="83.33" branchCoverage="66.67" crapScore="2.02" isConstructor="false" isStatic="false" isGetter="false" isSetter="false">
              <Summary numSequencePoints="6" visitedSequencePoints="5" numBranchPoints="3" visitedBranchPoints="2" sequenceCoverage="83.33" branchCoverage="66.67" maxCyclomaticComplexity="2" minCyclomaticComplexity="2" maxCrapScore="2.02" minCrapScore="2.02" visitedClasses="0" numClasses="0" visitedMethods="1" numMethods="1" />
              <MetadataToken>100663304</MetadataToken>
              <Name>System.Void NumerosRomanos.ConversorRomanoParaArabico::converter(NumerosRomanos.Romano)</Name>
              <FileRef uid="9" />
              <SequencePoints>
                <SequencePoint vc="15" uspid="68" ordinal="0" offset="0" sl="14" sc="9" el="14" ec="10" bec="0" bev="0" fileid="9" />
                <SequencePoint vc="15" uspid="69" ordinal="1" offset="1" sl="15" sc="13" el="15" ec="36" bec="0" bev="0" fileid="9" />
                <SequencePoint vc="15" uspid="70" ordinal="2" offset="8" sl="17" sc="13" el="17" ec="52" bec="2" bev="1" fileid="9" />
                <SequencePoint vc="0" uspid="71" ordinal="3" offset="34" sl="18" sc="17" el="18" ec="64" bec="0" bev="0" fileid="9" />
                <SequencePoint vc="15" uspid="72" ordinal="4" offset="55" sl="21" sc="17" el="21" ec="38" bec="0" bev="0" fileid="9" />
                <SequencePoint vc="15" uspid="73" ordinal="5" offset="63" sl="22" sc="9" el="22" ec="10" bec="0" bev="0" fileid="9" />
              </SequencePoints>
              <BranchPoints>
                <BranchPoint vc="0" uspid="74" ordinal="0" offset="32" sl="17" path="0" offsetend="34" fileid="9" />
                <BranchPoint vc="15" uspid="75" ordinal="1" offset="32" sl="17" path="1" offsetend="55" fileid="9" />
              </BranchPoints>
              <MethodPoint xsi:type="SequencePoint" vc="15" uspid="68" ordinal="0" offset="0" sl="14" sc="9" el="14" ec="10" bec="0" bev="0" fileid="9" />
            </Method>
            <Method visited="true" cyclomaticComplexity="2" nPathComplexity="2" sequenceCoverage="100" branchCoverage="100" crapScore="2" isConstructor="false" isStatic="false" isGetter="false" isSetter="false">
              <Summary numSequencePoints="5" visitedSequencePoints="5" numBranchPoints="3" visitedBranchPoints="3" sequenceCoverage="100" branchCoverage="100" maxCyclomaticComplexity="2" minCyclomaticComplexity="2" maxCrapScore="2" minCrapScore="2" visitedClasses="0" numClasses="0" visitedMethods="1" numMethods="1" />
              <MetadataToken>100663305</MetadataToken>
              <Name>System.String NumerosRomanos.ConversorRomanoParaArabico::Validar(System.String)</Name>
              <FileRef uid="9" />
              <SequencePoints>
                <SequencePoint vc="16" uspid="76" ordinal="0" offset="0" sl="24" sc="9" el="24" ec="10" bec="0" bev="0" fileid="9" />
                <SequencePoint vc="16" uspid="77" ordinal="1" offset="1" sl="25" sc="13" el="25" ec="31" bec="2" bev="2" fileid="9" />
                <SequencePoint vc="1" uspid="78" ordinal="2" offset="9" sl="26" sc="17" el="26" ec="42" bec="0" bev="0" fileid="9" />
                <SequencePoint vc="15" uspid="79" ordinal="3" offset="17" sl="29" sc="17" el="29" ec="33" bec="0" bev="0" fileid="9" />
                <SequencePoint vc="16" uspid="80" ordinal="4" offset="25" sl="30" sc="9" el="30" ec="10" bec="0" bev="0" fileid="9" />
              </SequencePoints>
              <BranchPoints>
                <BranchPoint vc="1" uspid="81" ordinal="0" offset="7" sl="25" path="0" offsetend="9" fileid="9" />
                <BranchPoint vc="15" uspid="82" ordinal="1" offset="7" sl="25" path="1" offsetend="17" fileid="9" />
              </BranchPoints>
              <MethodPoint xsi:type="SequencePoint" vc="16" uspid="76" ordinal="0" offset="0" sl="24" sc="9" el="24" ec="10" bec="0" bev="0" fileid="9" />
            </Method>
            <Method visited="true" cyclomaticComplexity="3" nPathComplexity="2" sequenceCoverage="100" branchCoverage="100" crapScore="3" isConstructor="false" isStatic="false" isGetter="false" isSetter="false">
              <Summary numSequencePoints="17" visitedSequencePoints="17" numBranchPoints="3" visitedBranchPoints="3" sequenceCoverage="100" branchCoverage="100" maxCyclomaticComplexity="3" minCyclomaticComplexity="3" maxCrapScore="3" minCrapScore="3" visitedClasses="0" numClasses="0" visitedMethods="1" numMethods="1" />
              <MetadataToken>100663306</MetadataToken>
              <Name>System.Void NumerosRomanos.ConversorRomanoParaArabico::GetResultado(NumerosRomanos.Romano)</Name>
              <FileRef uid="9" />
              <SequencePoints>
                <SequencePoint vc="15" uspid="83" ordinal="0" offset="0" sl="34" sc="9" el="34" ec="10" bec="0" bev="0" fileid="9" />
                <SequencePoint vc="15" uspid="84" ordinal="1" offset="1" sl="35" sc="13" el="35" ec="20" bec="0" bev="0" fileid="9" />
                <SequencePoint vc="15" uspid="85" ordinal="2" offset="2" sl="35" sc="32" el="35" ec="45" bec="0" bev="0" fileid="9" />
                <SequencePoint vc="42" uspid="86" ordinal="3" offset="16" sl="35" sc="22" el="35" ec="28" bec="0" bev="0" fileid="9" />
                <SequencePoint vc="42" uspid="87" ordinal="4" offset="24" sl="36" sc="13" el="36" ec="14" bec="0" bev="0" fileid="9" />
                <SequencePoint vc="42" uspid="88" ordinal="5" offset="25" sl="37" sc="17" el="37" ec="48" bec="0" bev="0" fileid="9" />
                <SequencePoint vc="42" uspid="89" ordinal="6" offset="32" sl="38" sc="17" el="38" ec="54" bec="0" bev="0" fileid="9" />
                <SequencePoint vc="42" uspid="90" ordinal="7" offset="45" sl="40" sc="17" el="40" ec="46" bec="2" bev="2" fileid="9" />
                <SequencePoint vc="5" uspid="91" ordinal="8" offset="65" sl="41" sc="17" el="41" ec="18" bec="0" bev="0" fileid="9" />
                <SequencePoint vc="5" uspid="92" ordinal="9" offset="66" sl="42" sc="21" el="42" ec="54" bec="0" bev="0" fileid="9" />
                <SequencePoint vc="5" uspid="93" ordinal="10" offset="85" sl="43" sc="21" el="43" ec="66" bec="0" bev="0" fileid="9" />
                <SequencePoint vc="5" uspid="94" ordinal="11" offset="111" sl="44" sc="17" el="44" ec="18" bec="0" bev="0" fileid="9" />
                <SequencePoint vc="37" uspid="95" ordinal="12" offset="114" sl="46" sc="21" el="46" ec="51" bec="0" bev="0" fileid="9" />
                <SequencePoint vc="42" uspid="96" ordinal="13" offset="133" sl="48" sc="17" el="48" ec="42" bec="0" bev="0" fileid="9" />
                <SequencePoint vc="42" uspid="97" ordinal="14" offset="145" sl="49" sc="13" el="49" ec="14" bec="0" bev="0" fileid="9" />
                <SequencePoint vc="57" uspid="98" ordinal="15" offset="150" sl="35" sc="29" el="35" ec="31" bec="0" bev="0" fileid="9" />
                <SequencePoint vc="15" uspid="99" ordinal="16" offset="162" sl="50" sc="9" el="50" ec="10" bec="0" bev="0" fileid="9" />
              </SequencePoints>
              <BranchPoints>
                <BranchPoint vc="5" uspid="100" ordinal="0" offset="63" sl="40" path="0" offsetend="65" fileid="9" />
                <BranchPoint vc="37" uspid="101" ordinal="1" offset="63" sl="40" path="1" offsetend="114" fileid="9" />
              </BranchPoints>
              <MethodPoint xsi:type="SequencePoint" vc="15" uspid="83" ordinal="0" offset="0" sl="34" sc="9" el="34" ec="10" bec="0" bev="0" fileid="9" />
            </Method>
            <Method visited="false" cyclomaticComplexity="1" nPathComplexity="0" sequenceCoverage="0" branchCoverage="0" crapScore="2" isConstructor="false" isStatic="false" isGetter="false" isSetter="false">
              <Summary numSequencePoints="6" visitedSequencePoints="0" numBranchPoints="1" visitedBranchPoints="0" sequenceCoverage="0" branchCoverage="0" maxCyclomaticComplexity="1" minCyclomaticComplexity="1" maxCrapScore="2" minCrapScore="2" visitedClasses="0" numClasses="0" visitedMethods="0" numMethods="1" />
              <MetadataToken>100663307</MetadataToken>
              <Name>System.Void NumerosRomanos.ConversorRomanoParaArabico::ApresentarMensagemErro(System.String)</Name>
              <FileRef uid="9" />
              <SequencePoints>
                <SequencePoint vc="0" uspid="104" ordinal="0" offset="0" sl="53" sc="9" el="53" ec="10" bec="0" bev="0" fileid="9" />
                <SequencePoint vc="0" uspid="105" ordinal="1" offset="1" sl="54" sc="13" el="54" ec="56" bec="0" bev="0" fileid="9" />
                <SequencePoint vc="0" uspid="106" ordinal="2" offset="9" sl="55" sc="13" el="55" ec="34" bec="0" bev="0" fileid="9" />
                <SequencePoint vc="0" uspid="107" ordinal="3" offset="16" sl="56" sc="13" el="56" ec="34" bec="0" bev="0" fileid="9" />
                <SequencePoint vc="0" uspid="108" ordinal="4" offset="22" sl="57" sc="13" el="57" ec="32" bec="0" bev="0" fileid="9" />
                <SequencePoint vc="0" uspid="109" ordinal="5" offset="28" sl="58" sc="9" el="58" ec="10" bec="0" bev="0" fileid="9" />
              </SequencePoints>
              <BranchPoints />
              <MethodPoint xsi:type="SequencePoint" vc="0" uspid="104" ordinal="0" offset="0" sl="53" sc="9" el="53" ec="10" bec="0" bev="0" fileid="9" />
            </Method>
            <Method visited="true" cyclomaticComplexity="1" nPathComplexity="0" sequenceCoverage="100" branchCoverage="100" crapScore="1" isConstructor="false" isStatic="true" isGetter="false" isSetter="false">
              <Summary numSequencePoints="5" visitedSequencePoints="5" numBranchPoints="1" visitedBranchPoints="1" sequenceCoverage="100" branchCoverage="100" maxCyclomaticComplexity="1" minCyclomaticComplexity="1" maxCrapScore="1" minCrapScore="1" visitedClasses="0" numClasses="0" visitedMethods="1" numMethods="1" />
              <MetadataToken>100663308</MetadataToken>
              <Name>System.Void NumerosRomanos.ConversorRomanoParaArabico::FormatarNumero(NumerosRomanos.Romano)</Name>
              <FileRef uid="9" />
              <SequencePoints>
                <SequencePoint vc="15" uspid="110" ordinal="0" offset="0" sl="61" sc="9" el="61" ec="10" bec="0" bev="0" fileid="9" />
                <SequencePoint vc="15" uspid="111" ordinal="1" offset="1" sl="62" sc="13" el="62" ec="61" bec="0" bev="0" fileid="9" />
                <SequencePoint vc="15" uspid="112" ordinal="2" offset="28" sl="63" sc="13" el="63" ec="62" bec="0" bev="0" fileid="9" />
                <SequencePoint vc="15" uspid="113" ordinal="3" offset="55" sl="64" sc="13" el="64" ec="62" bec="0" bev="0" fileid="9" />
                <SequencePoint vc="15" uspid="114" ordinal="4" offset="82" sl="65" sc="9" el="65" ec="10" bec="0" bev="0" fileid="9" />
              </SequencePoints>
              <BranchPoints />
              <MethodPoint xsi:type="SequencePoint" vc="15" uspid="110" ordinal="0" offset="0" sl="61" sc="9" el="61" ec="10" bec="0" bev="0" fileid="9" />
            </Method>
            <Method visited="true" cyclomaticComplexity="2" nPathComplexity="2" sequenceCoverage="100" branchCoverage="100" crapScore="2" isConstructor="false" isStatic="false" isGetter="false" isSetter="false">
              <Summary numSequencePoints="5" visitedSequencePoints="5" numBranchPoints="3" visitedBranchPoints="3" sequenceCoverage="100" branchCoverage="100" maxCyclomaticComplexity="2" minCyclomaticComplexity="2" maxCrapScore="2" minCrapScore="2" visitedClasses="0" numClasses="0" visitedMethods="1" numMethods="1" />
              <MetadataToken>100663309</MetadataToken>
              <Name>System.Int32 NumerosRomanos.ConversorRomanoParaArabico::TransformarEmArabicos(System.String)</Name>
              <FileRef uid="9" />
              <SequencePoints>
                <SequencePoint vc="42" uspid="115" ordinal="0" offset="0" sl="68" sc="9" el="68" ec="10" bec="0" bev="0" fileid="9" />
                <SequencePoint vc="42" uspid="116" ordinal="1" offset="1" sl="69" sc="13" el="69" ec="59" bec="2" bev="2" fileid="9" />
                <SequencePoint vc="41" uspid="117" ordinal="2" offset="17" sl="70" sc="17" el="70" ec="54" bec="0" bev="0" fileid="9" />
                <SequencePoint vc="1" uspid="118" ordinal="3" offset="32" sl="72" sc="13" el="72" ec="22" bec="0" bev="0" fileid="9" />
                <SequencePoint vc="42" uspid="119" ordinal="4" offset="36" sl="73" sc="9" el="73" ec="10" bec="0" bev="0" fileid="9" />
              </SequencePoints>
              <BranchPoints>
                <BranchPoint vc="41" uspid="120" ordinal="0" offset="15" sl="69" path="0" offsetend="17" fileid="9" />
                <BranchPoint vc="1" uspid="121" ordinal="1" offset="15" sl="69" path="1" offsetend="32" fileid="9" />
              </BranchPoints>
              <MethodPoint xsi:type="SequencePoint" vc="42" uspid="115" ordinal="0" offset="0" sl="68" sc="9" el="68" ec="10" bec="0" bev="0" fileid="9" />
            </Method>
            <Method visited="true" cyclomaticComplexity="1" nPathComplexity="0" sequenceCoverage="100" branchCoverage="100" crapScore="1" isConstructor="false" isStatic="true" isGetter="false" isSetter="false">
              <Summary numSequencePoints="4" visitedSequencePoints="4" numBranchPoints="1" visitedBranchPoints="1" sequenceCoverage="100" branchCoverage="100" maxCyclomaticComplexity="1" minCyclomaticComplexity="1" maxCrapScore="1" minCrapScore="1" visitedClasses="0" numClasses="0" visitedMethods="1" numMethods="1" />
              <MetadataToken>100663310</MetadataToken>
              <Name>System.Collections.Generic.Dictionary`2&lt;System.String,System.Int32&gt; NumerosRomanos.ConversorRomanoParaArabico::GerarDicionario()</Name>
              <FileRef uid="9" />
              <SequencePoints>
                <SequencePoint vc="16" uspid="122" ordinal="0" offset="0" sl="76" sc="9" el="76" ec="10" bec="0" bev="0" fileid="9" />
                <SequencePoint vc="16" uspid="123" ordinal="1" offset="1" sl="77" sc="13" el="81" ec="15" bec="0" bev="0" fileid="9" />
                <SequencePoint vc="16" uspid="124" ordinal="2" offset="160" sl="82" sc="13" el="82" ec="47" bec="0" bev="0" fileid="9" />
                <SequencePoint vc="16" uspid="125" ordinal="3" offset="164" sl="83" sc="9" el="83" ec="10" bec="0" bev="0" fileid="9" />
              </SequencePoints>
              <BranchPoints />
              <MethodPoint xsi:type="SequencePoint" vc="16" uspid="122" ordinal="0" offset="0" sl="76" sc="9" el="76" ec="10" bec="0" bev="0" fileid="9" />
            </Method>
            <Method visited="true" cyclomaticComplexity="1" nPathComplexity="0" sequenceCoverage="100" branchCoverage="100" crapScore="1" isConstructor="true" isStatic="false" isGetter="false" isSetter="false">
              <Summary numSequencePoints="3" visitedSequencePoints="3" numBranchPoints="1" visitedBranchPoints="1" sequenceCoverage="100" branchCoverage="100" maxCyclomaticComplexity="1" minCyclomaticComplexity="1" maxCrapScore="1" minCrapScore="1" visitedClasses="0" numClasses="0" visitedMethods="1" numMethods="1" />
              <MetadataToken>100663311</MetadataToken>
              <Name>System.Void NumerosRomanos.ConversorRomanoParaArabico::.ctor()</Name>
              <FileRef uid="9" />
              <SequencePoints>
                <SequencePoint vc="16" uspid="126" ordinal="0" offset="0" sl="8" sc="9" el="9" ec="65" bec="0" bev="0" fileid="9" />
                <SequencePoint vc="16" uspid="127" ordinal="1" offset="11" sl="10" sc="9" el="10" ec="45" bec="0" bev="0" fileid="9" />
                <SequencePoint vc="16" uspid="128" ordinal="2" offset="22" sl="11" sc="9" el="11" ec="34" bec="0" bev="0" fileid="9" />
              </SequencePoints>
              <BranchPoints />
              <MethodPoint xsi:type="SequencePoint" vc="16" uspid="126" ordinal="0" offset="0" sl="8" sc="9" el="9" ec="65" bec="0" bev="0" fileid="9" />
            </Method>
          </Methods>
        </Class>
        <Class>
          <Summary numSequencePoints="2" visitedSequencePoints="0" numBranchPoints="1" visitedBranchPoints="0" sequenceCoverage="0" branchCoverage="0" maxCyclomaticComplexity="1" minCyclomaticComplexity="1" maxCrapScore="2" minCrapScore="2" visitedClasses="0" numClasses="1" visitedMethods="0" numMethods="1" />
          <FullName>NumerosRomanos.Program</FullName>
          <Methods>
            <Method visited="false" cyclomaticComplexity="1" nPathComplexity="0" sequenceCoverage="0" branchCoverage="0" crapScore="2" isConstructor="false" isStatic="true" isGetter="false" isSetter="false">
              <Summary numSequencePoints="2" visitedSequencePoints="0" numBranchPoints="1" visitedBranchPoints="0" sequenceCoverage="0" branchCoverage="0" maxCyclomaticComplexity="1" minCyclomaticComplexity="1" maxCrapScore="2" minCrapScore="2" visitedClasses="0" numClasses="0" visitedMethods="0" numMethods="1" />
              <MetadataToken>100663312</MetadataToken>
              <Name>System.Void NumerosRomanos.Program::Main(System.String[])</Name>
              <FileRef uid="10" />
              <SequencePoints>
                <SequencePoint vc="0" uspid="129" ordinal="0" offset="0" sl="8" sc="9" el="8" ec="10" bec="0" bev="0" fileid="10" />
                <SequencePoint vc="0" uspid="130" ordinal="1" offset="1" sl="10" sc="9" el="10" ec="10" bec="0" bev="0" fileid="10" />
              </SequencePoints>
              <BranchPoints />
              <MethodPoint xsi:type="SequencePoint" vc="0" uspid="129" ordinal="0" offset="0" sl="8" sc="9" el="8" ec="10" bec="0" bev="0" fileid="10" />
            </Method>
            <Method visited="false" cyclomaticComplexity="1" nPathComplexity="0" sequenceCoverage="0" branchCoverage="0" crapScore="2" isConstructor="true" isStatic="false" isGetter="false" isSetter="false">
              <Summary numSequencePoints="0" visitedSequencePoints="0" numBranchPoints="0" visitedBranchPoints="0" sequenceCoverage="0" branchCoverage="0" maxCyclomaticComplexity="1" minCyclomaticComplexity="1" maxCrapScore="2" minCrapScore="2" visitedClasses="0" numClasses="0" visitedMethods="0" numMethods="0" />
              <MetadataToken>100663313</MetadataToken>
              <Name>System.Void NumerosRomanos.Program::.ctor()</Name>
              <SequencePoints />
              <BranchPoints />
              <MethodPoint vc="0" uspid="131" ordinal="0" offset="0" />
            </Method>
          </Methods>
        </Class>
        <Class>
          <Summary numSequencePoints="4" visitedSequencePoints="4" numBranchPoints="1" visitedBranchPoints="1" sequenceCoverage="100" branchCoverage="100" maxCyclomaticComplexity="1" minCyclomaticComplexity="1" maxCrapScore="1" minCrapScore="1" visitedClasses="1" numClasses="1" visitedMethods="1" numMethods="1" />
          <FullName>NumerosRomanos.Romano</FullName>
          <Methods>
            <Method visited="true" cyclomaticComplexity="1" nPathComplexity="0" sequenceCoverage="100" branchCoverage="100" crapScore="1" isConstructor="true" isStatic="false" isGetter="false" isSetter="false">
              <Summary numSequencePoints="4" visitedSequencePoints="4" numBranchPoints="1" visitedBranchPoints="1" sequenceCoverage="100" branchCoverage="100" maxCyclomaticComplexity="1" minCyclomaticComplexity="1" maxCrapScore="1" minCrapScore="1" visitedClasses="0" numClasses="0" visitedMethods="1" numMethods="1" />
              <MetadataToken>100663314</MetadataToken>
              <Name>System.Void NumerosRomanos.Romano::.ctor(System.String)</Name>
              <FileRef uid="11" />
              <SequencePoints>
                <SequencePoint vc="15" uspid="132" ordinal="0" offset="0" sl="9" sc="9" el="9" ec="32" bec="0" bev="0" fileid="11" />
                <SequencePoint vc="15" uspid="133" ordinal="1" offset="7" sl="10" sc="9" el="10" ec="10" bec="0" bev="0" fileid="11" />
                <SequencePoint vc="15" uspid="134" ordinal="2" offset="8" sl="11" sc="13" el="11" ec="24" bec="0" bev="0" fileid="11" />
                <SequencePoint vc="15" uspid="135" ordinal="3" offset="15" sl="12" sc="9" el="12" ec="10" bec="0" bev="0" fileid="11" />
              </SequencePoints>
              <BranchPoints />
              <MethodPoint xsi:type="SequencePoint" vc="15" uspid="132" ordinal="0" offset="0" sl="9" sc="9" el="9" ec="32" bec="0" bev="0" fileid="11" />
            </Method>
          </Methods>
        </Class>
      </Classes>
    </Module>
  </Modules>
</CoverageSession>